Performing C SOURCE FILE Test CMAKE_HAVE_LIBC_PTHREAD failed with the following output:
Change Dir: /home/streichg/eth_projects/phanim/CSC417-a2-mass-spring-3d/build/CMakeFiles/CMakeTmp

Run Build Command(s):/usr/bin/make cmTC_08b55/fast && /usr/bin/make  -f CMakeFiles/cmTC_08b55.dir/build.make CMakeFiles/cmTC_08b55.dir/build
make[1]: Entering directory '/home/streichg/eth_projects/phanim/CSC417-a2-mass-spring-3d/build/CMakeFiles/CMakeTmp'
Building C object CMakeFiles/cmTC_08b55.dir/src.c.o
/usr/bin/cc   -fPIC -DCMAKE_HAVE_LIBC_PTHREAD -o CMakeFiles/cmTC_08b55.dir/src.c.o -c /home/streichg/eth_projects/phanim/CSC417-a2-mass-spring-3d/build/CMakeFiles/CMakeTmp/src.c
Linking C executable cmTC_08b55
/home/streichg/.local/lib/python3.8/site-packages/cmake/data/bin/cmake -E cmake_link_script CMakeFiles/cmTC_08b55.dir/link.txt --verbose=1
/usr/bin/cc  -fPIC -DCMAKE_HAVE_LIBC_PTHREAD -rdynamic CMakeFiles/cmTC_08b55.dir/src.c.o -o cmTC_08b55 
/usr/bin/ld: CMakeFiles/cmTC_08b55.dir/src.c.o: in function `main':
src.c:(.text+0x32): undefined reference to `pthread_create'
/usr/bin/ld: src.c:(.text+0x3e): undefined reference to `pthread_detach'
/usr/bin/ld: src.c:(.text+0x4a): undefined reference to `pthread_cancel'
/usr/bin/ld: src.c:(.text+0x5c): undefined reference to `pthread_join'
clang: error: linker command failed with exit code 1 (use -v to see invocation)
make[1]: *** [CMakeFiles/cmTC_08b55.dir/build.make:106: cmTC_08b55] Error 1
make[1]: Leaving directory '/home/streichg/eth_projects/phanim/CSC417-a2-mass-spring-3d/build/CMakeFiles/CMakeTmp'
make: *** [Makefile:140: cmTC_08b55/fast] Error 2


Source file was:
#include <pthread.h>

void* test_func(void* data)
{
  return data;
}

int main(void)
{
  pthread_t thread;
  pthread_create(&thread, NULL, test_func, NULL);
  pthread_detach(thread);
  pthread_cancel(thread);
  pthread_join(thread, NULL);
  pthread_atfork(NULL, NULL, NULL);
  pthread_exit(NULL);

  return 0;
}

Determining if the function pthread_create exists in the pthreads failed with the following output:
Change Dir: /home/streichg/eth_projects/phanim/CSC417-a2-mass-spring-3d/build/CMakeFiles/CMakeTmp

Run Build Command(s):/usr/bin/make cmTC_9c2f5/fast && /usr/bin/make  -f CMakeFiles/cmTC_9c2f5.dir/build.make CMakeFiles/cmTC_9c2f5.dir/build
make[1]: Entering directory '/home/streichg/eth_projects/phanim/CSC417-a2-mass-spring-3d/build/CMakeFiles/CMakeTmp'
Building C object CMakeFiles/cmTC_9c2f5.dir/CheckFunctionExists.c.o
/usr/bin/cc   -fPIC -DCHECK_FUNCTION_EXISTS=pthread_create -o CMakeFiles/cmTC_9c2f5.dir/CheckFunctionExists.c.o -c /home/streichg/.local/lib/python3.8/site-packages/cmake/data/share/cmake-3.18/Modules/CheckFunctionExists.c
Linking C executable cmTC_9c2f5
/home/streichg/.local/lib/python3.8/site-packages/cmake/data/bin/cmake -E cmake_link_script CMakeFiles/cmTC_9c2f5.dir/link.txt --verbose=1
/usr/bin/cc  -fPIC -DCHECK_FUNCTION_EXISTS=pthread_create -rdynamic CMakeFiles/cmTC_9c2f5.dir/CheckFunctionExists.c.o -o cmTC_9c2f5  -lpthreads 
/usr/bin/ld: cannot find -lpthreads
clang: error: linker command failed with exit code 1 (use -v to see invocation)
make[1]: *** [CMakeFiles/cmTC_9c2f5.dir/build.make:106: cmTC_9c2f5] Error 1
make[1]: Leaving directory '/home/streichg/eth_projects/phanim/CSC417-a2-mass-spring-3d/build/CMakeFiles/CMakeTmp'
make: *** [Makefile:140: cmTC_9c2f5/fast] Error 2



